<?xml version="1.0" encoding="UTF-8" standalone="no"?>
<!DOCTYPE log SYSTEM "logger.dtd">
<log>
<record>
  <date>2019-03-07T12:12:15</date>
  <millis>1551949935347</millis>
  <sequence>0</sequence>
  <logger>mygpsx.CLPSMain</logger>
  <level>CONFIG</level>
  <class>mygpsx.CLPSMain</class>
  <method>start</method>
  <thread>13</thread>
  <message>Configuration done.</message>
</record>
<record>
  <date>2019-03-07T12:12:15</date>
  <millis>1551949935351</millis>
  <sequence>1</sequence>
  <logger>mygpsx.CLPSMain</logger>
  <level>FINE</level>
  <class>mygpsx.CLPSMain</class>
  <method>start</method>
  <thread>13</thread>
  <message>Finer logged</message>
</record>
<record>
  <date>2019-03-07T12:12:15</date>
  <millis>1551949935351</millis>
  <sequence>2</sequence>
  <logger>mygpsx.CLPSMain</logger>
  <level>FINER</level>
  <class>mygpsx.CLPSMain</class>
  <method>start</method>
  <thread>13</thread>
  <message>Finest example on LOGGER handler completed.</message>
</record>
</log>
